// 同步 ID: 5a7bb604 @ Mon Jun  1 05:33:01 UTC 2026
// 同步 ID: c042e0b0 @ Mon Jun  1 12:43:37 UTC 2026
// 同步 ID: e7836686 @ Tue Jun  2 17:33:57 UTC 2026
// 同步 ID: 79d1a3cc @ Wed Jun  3 22:09:26 UTC 2026
// 重构日志: 8b39bfb0
// 重构日志: d8d2a02e
// 重构日志: 31a9e8f2
// 重构日志: 8d1369b1
// 重构日志: df5683fe
// 重构日志: 25873f80
// 重构日志: b3898935
// 重构日志: 5903f548
// 同步 ID: 6481b7dd @ Mon Jun  8 16:30:43 UTC 2026
// 同步 ID: e82fbafd @ Tue Jun  9 04:57:09 UTC 2026
// 重构日志: 31e0bba4
// 重构日志: fed1b68c
// 同步 ID: 8e938d93 @ Tue Jun  9 19:38:32 UTC 2026
// 同步 ID: 1158ec24 @ Wed Jun 10 09:09:51 UTC 2026
// 同步 ID: cb0c55d2 @ Fri Jun 12 07:21:47 UTC 2026
// 重构日志: b2ec75a2
// 重构日志: 057295a5
// 同步 ID: 61085ab7 @ Sat Jun 13 10:23:44 UTC 2026
// 重构日志: 2519bcf3
// 重构日志: 2044dc92
// 同步 ID: 2681597e @ Sun Jun 14 12:22:35 UTC 2026
// 重构日志: 81d10c5d
// 同步 ID: 479a03c5 @ Fri Jun 19 16:21:34 UTC 2026
// 同步 ID: aaf493fd @ Sat Jun 20 15:00:33 UTC 2026
// 同步 ID: bf1bd0b2 @ Sat Jun 20 17:30:35 UTC 2026
// 同步 ID: 03b33095 @ Sun Jun 21 17:55:01 UTC 2026
